Started GET "/" for ::1 at 2021-03-29 23:48:54 -0400
Started GET "/" for ::1 at 2021-03-29 23:48:54 -0400
  [1m[35m (25.8ms)[0m  [1m[34mSELECT sqlite_version(*)[0m
Processing by Rails::WelcomeController#index as HTML
Processing by Rails::WelcomeController#index as HTML
  Rendering /usr/share/rvm/gems/ruby-2.6.1/gems/railties-6.1.3/lib/rails/templates/rails/welcome/index.html.erb
  Rendering /usr/share/rvm/gems/ruby-2.6.1/gems/railties-6.1.3/lib/rails/templates/rails/welcome/index.html.erb
  Rendered /usr/share/rvm/gems/ruby-2.6.1/gems/railties-6.1.3/lib/rails/templates/rails/welcome/index.html.erb (Duration: 5.7ms | Allocations: 308)
  Rendered /usr/share/rvm/gems/ruby-2.6.1/gems/railties-6.1.3/lib/rails/templates/rails/welcome/index.html.erb (Duration: 31.5ms | Allocations: 524)
Completed 200 OK in 269ms (Views: 103.8ms | ActiveRecord: 0.0ms | Allocations: 4343)


Completed 200 OK in 275ms (Views: 107.6ms | ActiveRecord: 0.0ms | Allocations: 4759)


Started GET "/" for ::1 at 2021-03-29 23:53:24 -0400
  [1m[35m (3.6ms)[0m  [1m[34mSELECT sqlite_version(*)[0m
Processing by Rails::WelcomeController#index as HTML
  Rendering /usr/share/rvm/gems/ruby-2.6.1/gems/railties-6.1.3/lib/rails/templates/rails/welcome/index.html.erb
  Rendered /usr/share/rvm/gems/ruby-2.6.1/gems/railties-6.1.3/lib/rails/templates/rails/welcome/index.html.erb (Duration: 8.7ms | Allocations: 353)
Completed 200 OK in 60ms (Views: 20.3ms | ActiveRecord: 0.0ms | Allocations: 2614)


Started GET "/" for ::1 at 2021-03-30 00:27:10 -0400
  [1m[35m (5.5ms)[0m  [1m[34mSELECT sqlite_version(*)[0m
Processing by Rails::WelcomeController#index as HTML
  Rendering /usr/share/rvm/gems/ruby-2.6.1/gems/railties-6.1.3/lib/rails/templates/rails/welcome/index.html.erb
  Rendered /usr/share/rvm/gems/ruby-2.6.1/gems/railties-6.1.3/lib/rails/templates/rails/welcome/index.html.erb (Duration: 8.8ms | Allocations: 353)
Completed 200 OK in 67ms (Views: 22.3ms | ActiveRecord: 0.0ms | Allocations: 2614)


  [1m[35m (4.0ms)[0m  [1m[34mSELECT sqlite_version(*)[0m
  [1m[35m (34.0ms)[0m  [1m[35mCREATE TABLE "schema_migrations" ("version" varchar NOT NULL PRIMARY KEY)[0m
  [1m[35m (16.8ms)[0m  [1m[35mCREATE TABLE "ar_internal_metadata" ("key" varchar NOT NULL PRIMARY KEY, "value" varchar, "created_at" datetime(6) NOT NULL, "updated_at" datetime(6) NOT NULL)[0m
  [1m[35m (1.8ms)[0m  [1m[34mSELECT "schema_migrations"."version" FROM "schema_migrations" ORDER BY "schema_migrations"."version" ASC[0m
Migrating to CreateUsers (20210330043114)
  [1m[36mTRANSACTION (0.1ms)[0m  [1m[36mbegin transaction[0m
  [1m[35m (4.7ms)[0m  [1m[35mCREATE TABLE "users" ("id" integer PRIMARY KEY AUTOINCREMENT NOT NULL, "username" varchar, "email" varchar, "password_digest" varchar, "created_at" datetime(6) NOT NULL, "updated_at" datetime(6) NOT NULL)[0m
  [1m[36mActiveRecord::SchemaMigration Create (1.7ms)[0m  [1m[32mINSERT INTO "schema_migrations" ("version") VALUES (?)[0m  [["version", "20210330043114"]]
  [1m[36mTRANSACTION (16.2ms)[0m  [1m[36mcommit transaction[0m
  [1m[36mActiveRecord::InternalMetadata Load (1.8ms)[0m  [1m[34mSELECT "ar_internal_metadata".* FROM "ar_internal_metadata" WHERE "ar_internal_metadata"."key" = ? LIMIT ?[0m  [["key", "environment"], ["LIMIT", 1]]
  [1m[36mTRANSACTION (0.1ms)[0m  [1m[36mbegin transaction[0m
  [1m[36mActiveRecord::InternalMetadata Create (5.0ms)[0m  [1m[32mINSERT INTO "ar_internal_metadata" ("key", "value", "created_at", "updated_at") VALUES (?, ?, ?, ?)[0m  [["key", "environment"], ["value", "development"], ["created_at", "2021-03-30 04:31:56.723858"], ["updated_at", "2021-03-30 04:31:56.723858"]]
  [1m[36mTRANSACTION (14.4ms)[0m  [1m[36mcommit transaction[0m
  [1m[35m (0.1ms)[0m  [1m[34mSELECT sqlite_version(*)[0m
  [1m[35m (1.5ms)[0m  [1m[34mSELECT "schema_migrations"."version" FROM "schema_migrations" ORDER BY "schema_migrations"."version" ASC[0m
Started GET "/users/new" for ::1 at 2021-03-30 00:35:14 -0400
  [1m[35m (3.8ms)[0m  [1m[34mSELECT sqlite_version(*)[0m
  [1m[35m (1.9ms)[0m  [1m[34mSELECT "schema_migrations"."version" FROM "schema_migrations" ORDER BY "schema_migrations"."version" ASC[0m
Processing by UsersController#new as HTML
  Rendering layout layouts/application.html.erb
  Rendering users/new.erb within layouts/application
  Rendered users/new.erb within layouts/application (Duration: 267.6ms | Allocations: 7492)
Started GET "/users/new" for ::1 at 2021-03-30 00:35:17 -0400
Processing by UsersController#new as HTML
  Rendering layout layouts/application.html.erb
  Rendering users/new.erb within layouts/application
  Rendered users/new.erb within layouts/application (Duration: 1.7ms | Allocations: 1093)
[Webpacker] Compiling...
[Webpacker] Compiling...
[Webpacker] Compiled all packs in /mnt/c/Users/FIGO/Development/code/practice/Rails-Project/public/packs
[Webpacker] Hash: 3c71734446225f9abd66
Version: webpack 4.46.0
Time: 9729ms
Built at: 03/30/2021 12:35:37 AM
                                     Asset       Size       Chunks                         Chunk Names
    js/application-3e69d53dc5ee6f295091.js    323 KiB  application  [emitted] [immutable]  application
js/application-3e69d53dc5ee6f295091.js.map    340 KiB  application  [emitted] [dev]        application
                             manifest.json  364 bytes               [emitted]              
Entrypoint application = js/application-3e69d53dc5ee6f295091.js js/application-3e69d53dc5ee6f295091.js.map
[./app/javascript/channels sync recursive _channel\.js$] ./app/javascript/channels sync _channel\.js$ 160 bytes {application} [built]
[./app/javascript/channels/index.js] 211 bytes {application} [built]
[./app/javascript/packs/application.js] 573 bytes {application} [built]
[./node_modules/webpack/buildin/module.js] (webpack)/buildin/module.js 552 bytes {application} [built]
    + 32 hidden modules

  Rendered layout layouts/application.html.erb (Duration: 19300.4ms | Allocations: 128575)
Completed 200 OK in 19302ms (Views: 19301.5ms | ActiveRecord: 0.0ms | Allocations: 128935)


[Webpacker] Compiled all packs in /mnt/c/Users/FIGO/Development/code/practice/Rails-Project/public/packs
[Webpacker] Hash: 3c71734446225f9abd66
Version: webpack 4.46.0
Time: 9810ms
Built at: 03/30/2021 12:35:37 AM
                                     Asset       Size       Chunks                         Chunk Names
    js/application-3e69d53dc5ee6f295091.js    323 KiB  application  [emitted] [immutable]  application
js/application-3e69d53dc5ee6f295091.js.map    340 KiB  application  [emitted] [dev]        application
                             manifest.json  364 bytes               [emitted]              
Entrypoint application = js/application-3e69d53dc5ee6f295091.js js/application-3e69d53dc5ee6f295091.js.map
[./app/javascript/channels sync recursive _channel\.js$] ./app/javascript/channels sync _channel\.js$ 160 bytes {application} [built]
[./app/javascript/channels/index.js] 211 bytes {application} [built]
[./app/javascript/packs/application.js] 573 bytes {application} [built]
[./node_modules/webpack/buildin/module.js] (webpack)/buildin/module.js 552 bytes {application} [built]
    + 32 hidden modules

  Rendered layout layouts/application.html.erb (Duration: 21821.2ms | Allocations: 175145)
Completed 200 OK in 21997ms (Views: 21849.0ms | ActiveRecord: 8.6ms | Allocations: 182335)


